<component name="libraryTable">
  <library name="junit-4.6">
    <CLASSES>
      <root url="jar://$USER_HOME$/JSA/lib/junit-4.6.jar!/" />
      <root url="jar://$USER_HOME$/JSA/lib/log4j-1.2.14.jar!/" />
      <root url="jar://$USER_HOME$/JSA/lib/polyglot.jar!/" />
    </CLASSES>
    <JAVADOC />
    <SOURCES />
  </library>
</component>